Fri Apr 19 16:25:02 EEST 2024, Database, Communications link failure

The last packet sent successfully to the server was 0 milliseconds ago. The driver has not received any packets from the server.
Fri Apr 19 16:25:08 EEST 2024, RiddleReader, https://riddles-api.vercel.app/random2
Fri Apr 19 16:28:33 EEST 2024, Database, Communications link failure

The last packet sent successfully to the server was 0 milliseconds ago. The driver has not received any packets from the server.
Fri Apr 19 16:28:37 EEST 2024, RiddleReader, https://riddles-api.vercel.app/random2
Fri Apr 19 16:28:47 EEST 2024, RiddleReader, https://riddles-api.vercel.app/random2
Fri Apr 19 16:29:33 EEST 2024, Database, Communications link failure

The last packet sent successfully to the server was 0 milliseconds ago. The driver has not received any packets from the server.
Fri Apr 19 16:29:36 EEST 2024, RiddleReader, https://riddles-api.vercel.app/random2
Fri Apr 19 16:31:53 EEST 2024, Database, Communications link failure

The last packet sent successfully to the server was 0 milliseconds ago. The driver has not received any packets from the server.
Fri Apr 19 16:31:57 EEST 2024, RiddleReader, https://riddles-api.vercel.app/random2
Fri Apr 19 16:31:57 EEST 2024, CmdUI, Game failed because of API problem
Fri Apr 26 15:50:17 EEST 2024, Database, Communications link failure

The last packet sent successfully to the server was 0 milliseconds ago. The driver has not received any packets from the server.
Fri Apr 26 15:50:21 EEST 2024, RiddleReader, https://riddles-api.vercel.app/random3
Fri Apr 26 15:50:21 EEST 2024, CmdUI, Game failed because of API problem
Fri Apr 26 15:52:56 EEST 2024, Database, Communications link failure

The last packet sent successfully to the server was 0 milliseconds ago. The driver has not received any packets from the server.
Fri Apr 26 15:53:03 EEST 2024, RiddleReader, https://riddles-api.vercel.app/random3
Fri Apr 26 15:53:03 EEST 2024, CmdUI, Game failed because of API problem
Fri Apr 26 17:34:53 EEST 2024, Exit Button, program terminated
